2019-08-19 17:57:17,032 0      [           main] INFO  ClassPathXmlApplicationContext  - Refreshing org.springframework.context.support.ClassPathXmlApplicationContext@dfd3711: startup date [Mon Aug 19 17:57:17 CST 2019]; root of context hierarchy
2019-08-19 17:57:17,131 99     [           main] INFO  ry.xml.XmlBeanDefinitionReader  - Loading XML bean definitions from class path resource [applicationContext.xml]
2019-08-19 17:57:17,868 836    [           main] INFO         com.mchange.v2.log.MLog  - MLog clients using log4j logging.
2019-08-19 17:57:18,550 1518   [           main] INFO  m.mchange.v2.c3p0.C3P0Registry  - Initializing c3p0-0.9.1.2 [built 21-May-2007 15:04:56; debug? true; trace: 10]
2019-08-19 17:57:19,191 2159   [           main] INFO  l.AbstractPoolBackedDataSource  - Initializing c3p0 pool... com.mchange.v2.c3p0.ComboPooledDataSource [ acquireIncrement -> 3, acquireRetryAttempts -> 30, acquireRetryDelay -> 1000, autoCommitOnClose -> false, automaticTestTable -> null, breakAfterAcquireFailure -> false, checkoutTimeout -> 0, connectionCustomizerClassName -> null, connectionTesterClassName -> com.mchange.v2.c3p0.impl.DefaultConnectionTester, dataSourceName -> 2rwkrza41az6oer1ugff7j|41a2befb, debugUnreturnedConnectionStackTraces -> false, description -> null, driverClass -> com.mysql.jdbc.Driver, factoryClassLocation -> null, forceIgnoreUnresolvedTransactions -> false, identityToken -> 2rwkrza41az6oer1ugff7j|41a2befb, idleConnectionTestPeriod -> 0, initialPoolSize -> 3, jdbcUrl -> jdbc:mysql://localhost:3306/fruit, maxAdministrativeTaskTime -> 0, maxConnectionAge -> 0, maxIdleTime -> 0, maxIdleTimeExcessConnections -> 0, maxPoolSize -> 15, maxStatements -> 0, maxStatementsPerConnection -> 0, minPoolSize -> 3, numHelperThreads -> 3, numThreadsAwaitingCheckoutDefaultUser -> 0, preferredTestQuery -> null, properties -> {user=******, password=******}, propertyCycle -> 0, testConnectionOnCheckin -> false, testConnectionOnCheckout -> false, unreturnedConnectionTimeout -> 0, usesTraditionalReflectiveProxies -> false ]
2019-08-19 19:06:25,819 0      [           main] INFO  DefaultTestContextBootstrapper  - Loaded default TestExecutionListener class names from location [META-INF/spring.factories]: [org.springframework.test.context.web.ServletTestExecutionListener, org.springframework.test.context.support.DirtiesContextBeforeModesTestExecutionListener, org.springframework.test.context.support.DependencyInjectionTestExecutionListener, org.springframework.test.context.support.DirtiesContextTestExecutionListener, org.springframework.test.context.transaction.TransactionalTestExecutionListener, org.springframework.test.context.jdbc.SqlScriptsTestExecutionListener]
2019-08-19 19:06:26,016 197    [           main] INFO  DefaultTestContextBootstrapper  - Using TestExecutionListeners: [org.springframework.test.context.web.ServletTestExecutionListener@6adede5, org.springframework.test.context.support.DirtiesContextBeforeModesTestExecutionListener@2d928643, org.springframework.test.context.support.DependencyInjectionTestExecutionListener@5025a98f, org.springframework.test.context.support.DirtiesContextTestExecutionListener@49993335, org.springframework.test.context.transaction.TransactionalTestExecutionListener@20322d26, org.springframework.test.context.jdbc.SqlScriptsTestExecutionListener@192b07fd]
2019-08-19 19:06:26,229 410    [           main] INFO  ry.xml.XmlBeanDefinitionReader  - Loading XML bean definitions from class path resource [applicationContext.xml]
2019-08-19 19:06:27,092 1273   [           main] INFO  ry.xml.XmlBeanDefinitionReader  - Loading XML bean definitions from class path resource [springmvc.xml]
2019-08-19 19:06:27,349 1530   [           main] INFO  port.GenericApplicationContext  - Refreshing org.springframework.context.support.GenericApplicationContext@5a8806ef: startup date [Mon Aug 19 19:06:27 CST 2019]; root of context hierarchy
2019-08-19 19:06:28,262 2443   [           main] INFO         com.mchange.v2.log.MLog  - MLog clients using log4j logging.
2019-08-19 19:06:28,900 3081   [           main] INFO  m.mchange.v2.c3p0.C3P0Registry  - Initializing c3p0-0.9.1.2 [built 21-May-2007 15:04:56; debug? true; trace: 10]
2019-08-19 19:06:29,867 4048   [           main] WARN  port.GenericApplicationContext  - Exception encountered during context initialization - cancelling refresh attempt: org.springframework.beans.factory.BeanCreationException: Error creating bean with name 'org.springframework.web.servlet.resource.ResourceHttpRequestHandler#0': Invocation of init method failed; nested exception is java.lang.IllegalStateException: WebApplicationObjectSupport instance [ResourceHttpRequestHandler [locations=[class path resource [css/]], resolvers=[org.springframework.web.servlet.resource.PathResourceResolver@6dee4f1b]]] does not run in a WebApplicationContext but in: org.springframework.context.support.GenericApplicationContext@5a8806ef: startup date [Mon Aug 19 19:06:27 CST 2019]; root of context hierarchy
2019-08-19 19:06:29,899 4080   [           main] ERROR est.context.TestContextManager  - Caught exception while allowing TestExecutionListener [org.springframework.test.context.support.DependencyInjectionTestExecutionListener@5025a98f] to prepare test instance [com.fruitBake.test.UsersTest@134d26af]
java.lang.IllegalStateException: Failed to load ApplicationContext
	at org.springframework.test.context.cache.DefaultCacheAwareContextLoaderDelegate.loadContext(DefaultCacheAwareContextLoaderDelegate.java:125)
	at org.springframework.test.context.support.DefaultTestContext.getApplicationContext(DefaultTestContext.java:107)
	at org.springframework.test.context.support.DependencyInjectionTestExecutionListener.injectDependencies(DependencyInjectionTestExecutionListener.java:117)
	at org.springframework.test.context.support.DependencyInjectionTestExecutionListener.prepareTestInstance(DependencyInjectionTestExecutionListener.java:83)
	at org.springframework.test.context.TestContextManager.prepareTestInstance(TestContextManager.java:242)
	at org.springframework.test.context.junit4.SpringJUnit4ClassRunner.createTest(SpringJUnit4ClassRunner.java:227)
	at org.springframework.test.context.junit4.SpringJUnit4ClassRunner$1.runReflectiveCall(SpringJUnit4ClassRunner.java:289)
	at org.junit.internal.runners.model.ReflectiveCallable.run(ReflectiveCallable.java:12)
	at org.springframework.test.context.junit4.SpringJUnit4ClassRunner.methodBlock(SpringJUnit4ClassRunner.java:291)
	at org.springframework.test.context.junit4.SpringJUnit4ClassRunner.runChild(SpringJUnit4ClassRunner.java:246)
	at org.springframework.test.context.junit4.SpringJUnit4ClassRunner.runChild(SpringJUnit4ClassRunner.java:97)
	at org.junit.runners.ParentRunner$3.run(ParentRunner.java:290)
	at org.junit.runners.ParentRunner$1.schedule(ParentRunner.java:71)
	at org.junit.runners.ParentRunner.runChildren(ParentRunner.java:288)
	at org.junit.runners.ParentRunner.access$000(ParentRunner.java:58)
	at org.junit.runners.ParentRunner$2.evaluate(ParentRunner.java:268)
	at org.springframework.test.context.junit4.statements.RunBeforeTestClassCallbacks.evaluate(RunBeforeTestClassCallbacks.java:61)
	at org.springframework.test.context.junit4.statements.RunAfterTestClassCallbacks.evaluate(RunAfterTestClassCallbacks.java:70)
	at org.junit.runners.ParentRunner.run(ParentRunner.java:363)
	at org.springframework.test.context.junit4.SpringJUnit4ClassRunner.run(SpringJUnit4ClassRunner.java:190)
	at org.junit.runner.JUnitCore.run(JUnitCore.java:137)
	at com.intellij.junit4.JUnit4IdeaTestRunner.startRunnerWithArgs(JUnit4IdeaTestRunner.java:68)
	at com.intellij.rt.execution.junit.IdeaTestRunner$Repeater.startRunnerWithArgs(IdeaTestRunner.java:47)
	at com.intellij.rt.execution.junit.JUnitStarter.prepareStreamsAndStart(JUnitStarter.java:242)
	at com.intellij.rt.execution.junit.JUnitStarter.main(JUnitStarter.java:70)
Caused by: org.springframework.beans.factory.BeanCreationException: Error creating bean with name 'org.springframework.web.servlet.resource.ResourceHttpRequestHandler#0': Invocation of init method failed; nested exception is java.lang.IllegalStateException: WebApplicationObjectSupport instance [ResourceHttpRequestHandler [locations=[class path resource [css/]], resolvers=[org.springframework.web.servlet.resource.PathResourceResolver@6dee4f1b]]] does not run in a WebApplicationContext but in: org.springframework.context.support.GenericApplicationContext@5a8806ef: startup date [Mon Aug 19 19:06:27 CST 2019]; root of context hierarchy
	at org.springframework.beans.factory.support.AbstractAutowireCapableBeanFactory.initializeBean(AbstractAutowireCapableBeanFactory.java:1710)
	at org.springframework.beans.factory.support.AbstractAutowireCapableBeanFactory.doCreateBean(AbstractAutowireCapableBeanFactory.java:583)
	at org.springframework.beans.factory.support.AbstractAutowireCapableBeanFactory.createBean(AbstractAutowireCapableBeanFactory.java:502)
	at org.springframework.beans.factory.support.AbstractBeanFactory.lambda$doGetBean$0(AbstractBeanFactory.java:312)
	at org.springframework.beans.factory.support.DefaultSingletonBeanRegistry.getSingleton(DefaultSingletonBeanRegistry.java:228)
	at org.springframework.beans.factory.support.AbstractBeanFactory.doGetBean(AbstractBeanFactory.java:310)
	at org.springframework.beans.factory.support.AbstractBeanFactory.getBean(AbstractBeanFactory.java:200)
	at org.springframework.beans.factory.support.DefaultListableBeanFactory.preInstantiateSingletons(DefaultListableBeanFactory.java:758)
	at org.springframework.context.support.AbstractApplicationContext.finishBeanFactoryInitialization(AbstractApplicationContext.java:868)
	at org.springframework.context.support.AbstractApplicationContext.refresh(AbstractApplicationContext.java:549)
	at org.springframework.test.context.support.AbstractGenericContextLoader.loadContext(AbstractGenericContextLoader.java:128)
	at org.springframework.test.context.support.AbstractGenericContextLoader.loadContext(AbstractGenericContextLoader.java:60)
	at org.springframework.test.context.support.AbstractDelegatingSmartContextLoader.delegateLoading(AbstractDelegatingSmartContextLoader.java:109)
	at org.springframework.test.context.support.AbstractDelegatingSmartContextLoader.loadContext(AbstractDelegatingSmartContextLoader.java:246)
	at org.springframework.test.context.cache.DefaultCacheAwareContextLoaderDelegate.loadContextInternal(DefaultCacheAwareContextLoaderDelegate.java:99)
	at org.springframework.test.context.cache.DefaultCacheAwareContextLoaderDelegate.loadContext(DefaultCacheAwareContextLoaderDelegate.java:117)
	... 24 more
Caused by: java.lang.IllegalStateException: WebApplicationObjectSupport instance [ResourceHttpRequestHandler [locations=[class path resource [css/]], resolvers=[org.springframework.web.servlet.resource.PathResourceResolver@6dee4f1b]]] does not run in a WebApplicationContext but in: org.springframework.context.support.GenericApplicationContext@5a8806ef: startup date [Mon Aug 19 19:06:27 CST 2019]; root of context hierarchy
	at org.springframework.web.context.support.WebApplicationObjectSupport.getWebApplicationContext(WebApplicationObjectSupport.java:114)
	at org.springframework.web.context.support.WebApplicationObjectSupport.getServletContext(WebApplicationObjectSupport.java:133)
	at org.springframework.web.servlet.resource.ResourceHttpRequestHandler.initContentNegotiationStrategy(ResourceHttpRequestHandler.java:416)
	at org.springframework.web.servlet.resource.ResourceHttpRequestHandler.afterPropertiesSet(ResourceHttpRequestHandler.java:334)
	at org.springframework.beans.factory.support.AbstractAutowireCapableBeanFactory.invokeInitMethods(AbstractAutowireCapableBeanFactory.java:1769)
	at org.springframework.beans.factory.support.AbstractAutowireCapableBeanFactory.initializeBean(AbstractAutowireCapableBeanFactory.java:1706)
	... 39 more
2019-08-19 19:07:54,849 0      [           main] INFO  web.WebTestContextBootstrapper  - Loaded default TestExecutionListener class names from location [META-INF/spring.factories]: [org.springframework.test.context.web.ServletTestExecutionListener, org.springframework.test.context.support.DirtiesContextBeforeModesTestExecutionListener, org.springframework.test.context.support.DependencyInjectionTestExecutionListener, org.springframework.test.context.support.DirtiesContextTestExecutionListener, org.springframework.test.context.transaction.TransactionalTestExecutionListener, org.springframework.test.context.jdbc.SqlScriptsTestExecutionListener]
2019-08-19 19:07:54,875 26     [           main] INFO  web.WebTestContextBootstrapper  - Using TestExecutionListeners: [org.springframework.test.context.web.ServletTestExecutionListener@64bf3bbf, org.springframework.test.context.support.DirtiesContextBeforeModesTestExecutionListener@55d56113, org.springframework.test.context.support.DependencyInjectionTestExecutionListener@148080bb, org.springframework.test.context.support.DirtiesContextTestExecutionListener@dc24521, org.springframework.test.context.transaction.TransactionalTestExecutionListener@10bdf5e5, org.springframework.test.context.jdbc.SqlScriptsTestExecutionListener@6e1ec318]
2019-08-19 19:07:55,004 155    [           main] ERROR est.context.TestContextManager  - Caught exception while allowing TestExecutionListener [org.springframework.test.context.web.ServletTestExecutionListener@64bf3bbf] to prepare test instance [com.fruitBake.test.UsersTest@cb51256]
java.lang.NoClassDefFoundError: javax/servlet/SessionCookieConfig
	at org.springframework.test.context.web.AbstractGenericWebContextLoader.configureWebResources(AbstractGenericWebContextLoader.java:199)
	at org.springframework.test.context.web.AbstractGenericWebContextLoader.loadContext(AbstractGenericWebContextLoader.java:126)
	at org.springframework.test.context.web.AbstractGenericWebContextLoader.loadContext(AbstractGenericWebContextLoader.java:61)
	at org.springframework.test.context.support.AbstractDelegatingSmartContextLoader.delegateLoading(AbstractDelegatingSmartContextLoader.java:109)
	at org.springframework.test.context.support.AbstractDelegatingSmartContextLoader.loadContext(AbstractDelegatingSmartContextLoader.java:246)
	at org.springframework.test.context.cache.DefaultCacheAwareContextLoaderDelegate.loadContextInternal(DefaultCacheAwareContextLoaderDelegate.java:99)
	at org.springframework.test.context.cache.DefaultCacheAwareContextLoaderDelegate.loadContext(DefaultCacheAwareContextLoaderDelegate.java:117)
	at org.springframework.test.context.support.DefaultTestContext.getApplicationContext(DefaultTestContext.java:107)
	at org.springframework.test.context.web.ServletTestExecutionListener.setUpRequestContextIfNecessary(ServletTestExecutionListener.java:190)
	at org.springframework.test.context.web.ServletTestExecutionListener.prepareTestInstance(ServletTestExecutionListener.java:132)
	at org.springframework.test.context.TestContextManager.prepareTestInstance(TestContextManager.java:242)
	at org.springframework.test.context.junit4.SpringJUnit4ClassRunner.createTest(SpringJUnit4ClassRunner.java:227)
	at org.springframework.test.context.junit4.SpringJUnit4ClassRunner$1.runReflectiveCall(SpringJUnit4ClassRunner.java:289)
	at org.junit.internal.runners.model.ReflectiveCallable.run(ReflectiveCallable.java:12)
	at org.springframework.test.context.junit4.SpringJUnit4ClassRunner.methodBlock(SpringJUnit4ClassRunner.java:291)
	at org.springframework.test.context.junit4.SpringJUnit4ClassRunner.runChild(SpringJUnit4ClassRunner.java:246)
	at org.springframework.test.context.junit4.SpringJUnit4ClassRunner.runChild(SpringJUnit4ClassRunner.java:97)
	at org.junit.runners.ParentRunner$3.run(ParentRunner.java:290)
	at org.junit.runners.ParentRunner$1.schedule(ParentRunner.java:71)
	at org.junit.runners.ParentRunner.runChildren(ParentRunner.java:288)
	at org.junit.runners.ParentRunner.access$000(ParentRunner.java:58)
	at org.junit.runners.ParentRunner$2.evaluate(ParentRunner.java:268)
	at org.springframework.test.context.junit4.statements.RunBeforeTestClassCallbacks.evaluate(RunBeforeTestClassCallbacks.java:61)
	at org.springframework.test.context.junit4.statements.RunAfterTestClassCallbacks.evaluate(RunAfterTestClassCallbacks.java:70)
	at org.junit.runners.ParentRunner.run(ParentRunner.java:363)
	at org.springframework.test.context.junit4.SpringJUnit4ClassRunner.run(SpringJUnit4ClassRunner.java:190)
	at org.junit.runner.JUnitCore.run(JUnitCore.java:137)
	at com.intellij.junit4.JUnit4IdeaTestRunner.startRunnerWithArgs(JUnit4IdeaTestRunner.java:68)
	at com.intellij.rt.execution.junit.IdeaTestRunner$Repeater.startRunnerWithArgs(IdeaTestRunner.java:47)
	at com.intellij.rt.execution.junit.JUnitStarter.prepareStreamsAndStart(JUnitStarter.java:242)
	at com.intellij.rt.execution.junit.JUnitStarter.main(JUnitStarter.java:70)
Caused by: java.lang.ClassNotFoundException: javax.servlet.SessionCookieConfig
	at java.net.URLClassLoader.findClass(URLClassLoader.java:381)
	at java.lang.ClassLoader.loadClass(ClassLoader.java:424)
	at sun.misc.Launcher$AppClassLoader.loadClass(Launcher.java:331)
	at java.lang.ClassLoader.loadClass(ClassLoader.java:357)
	... 31 more
2019-08-19 19:09:32,615 0      [           main] INFO  web.WebTestContextBootstrapper  - Loaded default TestExecutionListener class names from location [META-INF/spring.factories]: [org.springframework.test.context.web.ServletTestExecutionListener, org.springframework.test.context.support.DirtiesContextBeforeModesTestExecutionListener, org.springframework.test.context.support.DependencyInjectionTestExecutionListener, org.springframework.test.context.support.DirtiesContextTestExecutionListener, org.springframework.test.context.transaction.TransactionalTestExecutionListener, org.springframework.test.context.jdbc.SqlScriptsTestExecutionListener]
2019-08-19 19:09:32,634 19     [           main] INFO  web.WebTestContextBootstrapper  - Using TestExecutionListeners: [org.springframework.test.context.web.ServletTestExecutionListener@64bf3bbf, org.springframework.test.context.support.DirtiesContextBeforeModesTestExecutionListener@55d56113, org.springframework.test.context.support.DependencyInjectionTestExecutionListener@148080bb, org.springframework.test.context.support.DirtiesContextTestExecutionListener@dc24521, org.springframework.test.context.transaction.TransactionalTestExecutionListener@10bdf5e5, org.springframework.test.context.jdbc.SqlScriptsTestExecutionListener@6e1ec318]
2019-08-19 19:09:32,692 77     [           main] ERROR est.context.TestContextManager  - Caught exception while allowing TestExecutionListener [org.springframework.test.context.web.ServletTestExecutionListener@64bf3bbf] to prepare test instance [com.fruitBake.test.UsersTest@cb51256]
java.lang.NoClassDefFoundError: javax/servlet/SessionCookieConfig
	at org.springframework.test.context.web.AbstractGenericWebContextLoader.configureWebResources(AbstractGenericWebContextLoader.java:199)
	at org.springframework.test.context.web.AbstractGenericWebContextLoader.loadContext(AbstractGenericWebContextLoader.java:126)
	at org.springframework.test.context.web.AbstractGenericWebContextLoader.loadContext(AbstractGenericWebContextLoader.java:61)
	at org.springframework.test.context.support.AbstractDelegatingSmartContextLoader.delegateLoading(AbstractDelegatingSmartContextLoader.java:109)
	at org.springframework.test.context.support.AbstractDelegatingSmartContextLoader.loadContext(AbstractDelegatingSmartContextLoader.java:246)
	at org.springframework.test.context.cache.DefaultCacheAwareContextLoaderDelegate.loadContextInternal(DefaultCacheAwareContextLoaderDelegate.java:99)
	at org.springframework.test.context.cache.DefaultCacheAwareContextLoaderDelegate.loadContext(DefaultCacheAwareContextLoaderDelegate.java:117)
	at org.springframework.test.context.support.DefaultTestContext.getApplicationContext(DefaultTestContext.java:107)
	at org.springframework.test.context.web.ServletTestExecutionListener.setUpRequestContextIfNecessary(ServletTestExecutionListener.java:190)
	at org.springframework.test.context.web.ServletTestExecutionListener.prepareTestInstance(ServletTestExecutionListener.java:132)
	at org.springframework.test.context.TestContextManager.prepareTestInstance(TestContextManager.java:242)
	at org.springframework.test.context.junit4.SpringJUnit4ClassRunner.createTest(SpringJUnit4ClassRunner.java:227)
	at org.springframework.test.context.junit4.SpringJUnit4ClassRunner$1.runReflectiveCall(SpringJUnit4ClassRunner.java:289)
	at org.junit.internal.runners.model.ReflectiveCallable.run(ReflectiveCallable.java:12)
	at org.springframework.test.context.junit4.SpringJUnit4ClassRunner.methodBlock(SpringJUnit4ClassRunner.java:291)
	at org.springframework.test.context.junit4.SpringJUnit4ClassRunner.runChild(SpringJUnit4ClassRunner.java:246)
	at org.springframework.test.context.junit4.SpringJUnit4ClassRunner.runChild(SpringJUnit4ClassRunner.java:97)
	at org.junit.runners.ParentRunner$3.run(ParentRunner.java:290)
	at org.junit.runners.ParentRunner$1.schedule(ParentRunner.java:71)
	at org.junit.runners.ParentRunner.runChildren(ParentRunner.java:288)
	at org.junit.runners.ParentRunner.access$000(ParentRunner.java:58)
	at org.junit.runners.ParentRunner$2.evaluate(ParentRunner.java:268)
	at org.springframework.test.context.junit4.statements.RunBeforeTestClassCallbacks.evaluate(RunBeforeTestClassCallbacks.java:61)
	at org.springframework.test.context.junit4.statements.RunAfterTestClassCallbacks.evaluate(RunAfterTestClassCallbacks.java:70)
	at org.junit.runners.ParentRunner.run(ParentRunner.java:363)
	at org.springframework.test.context.junit4.SpringJUnit4ClassRunner.run(SpringJUnit4ClassRunner.java:190)
	at org.junit.runner.JUnitCore.run(JUnitCore.java:137)
	at com.intellij.junit4.JUnit4IdeaTestRunner.startRunnerWithArgs(JUnit4IdeaTestRunner.java:68)
	at com.intellij.rt.execution.junit.IdeaTestRunner$Repeater.startRunnerWithArgs(IdeaTestRunner.java:47)
	at com.intellij.rt.execution.junit.JUnitStarter.prepareStreamsAndStart(JUnitStarter.java:242)
	at com.intellij.rt.execution.junit.JUnitStarter.main(JUnitStarter.java:70)
Caused by: java.lang.ClassNotFoundException: javax.servlet.SessionCookieConfig
	at java.net.URLClassLoader.findClass(URLClassLoader.java:381)
	at java.lang.ClassLoader.loadClass(ClassLoader.java:424)
	at sun.misc.Launcher$AppClassLoader.loadClass(Launcher.java:331)
	at java.lang.ClassLoader.loadClass(ClassLoader.java:357)
	... 31 more
2019-08-19 19:11:26,517 0      [           main] INFO  web.WebTestContextBootstrapper  - Loaded default TestExecutionListener class names from location [META-INF/spring.factories]: [org.springframework.test.context.web.ServletTestExecutionListener, org.springframework.test.context.support.DirtiesContextBeforeModesTestExecutionListener, org.springframework.test.context.support.DependencyInjectionTestExecutionListener, org.springframework.test.context.support.DirtiesContextTestExecutionListener, org.springframework.test.context.transaction.TransactionalTestExecutionListener, org.springframework.test.context.jdbc.SqlScriptsTestExecutionListener]
2019-08-19 19:11:26,540 23     [           main] INFO  web.WebTestContextBootstrapper  - Using TestExecutionListeners: [org.springframework.test.context.web.ServletTestExecutionListener@148080bb, org.springframework.test.context.support.DirtiesContextBeforeModesTestExecutionListener@dc24521, org.springframework.test.context.support.DependencyInjectionTestExecutionListener@10bdf5e5, org.springframework.test.context.support.DirtiesContextTestExecutionListener@6e1ec318, org.springframework.test.context.transaction.TransactionalTestExecutionListener@7e0b0338, org.springframework.test.context.jdbc.SqlScriptsTestExecutionListener@617faa95]
2019-08-19 19:11:26,729 212    [           main] INFO  ry.xml.XmlBeanDefinitionReader  - Loading XML bean definitions from class path resource [applicationContext.xml]
2019-08-19 19:11:27,040 523    [           main] INFO  ry.xml.XmlBeanDefinitionReader  - Loading XML bean definitions from class path resource [springmvc.xml]
2019-08-19 19:11:27,200 683    [           main] INFO  t.GenericWebApplicationContext  - Refreshing org.springframework.web.context.support.GenericWebApplicationContext@3fd7a715: startup date [Mon Aug 19 19:11:27 CST 2019]; root of context hierarchy
2019-08-19 19:11:27,648 1131   [           main] INFO         com.mchange.v2.log.MLog  - MLog clients using log4j logging.
2019-08-19 19:11:28,085 1568   [           main] INFO  m.mchange.v2.c3p0.C3P0Registry  - Initializing c3p0-0.9.1.2 [built 21-May-2007 15:04:56; debug? true; trace: 10]
2019-08-19 19:11:28,860 2343   [           main] INFO  andler.SimpleUrlHandlerMapping  - Mapped URL path [/css/**] onto handler 'org.springframework.web.servlet.resource.ResourceHttpRequestHandler#0'
2019-08-19 19:11:28,874 2357   [           main] INFO  andler.SimpleUrlHandlerMapping  - Mapped URL path [/images/**] onto handler 'org.springframework.web.servlet.resource.ResourceHttpRequestHandler#1'
2019-08-19 19:11:28,878 2361   [           main] INFO  andler.SimpleUrlHandlerMapping  - Mapped URL path [/js/**] onto handler 'org.springframework.web.servlet.resource.ResourceHttpRequestHandler#2'
2019-08-19 19:11:28,939 2422   [           main] INFO  n.RequestMappingHandlerMapping  - Mapped "{[/users/findAll]}" onto public java.lang.String com.fruitBake.controller.UsersController.find()
2019-08-19 19:11:29,118 2601   [           main] INFO  n.RequestMappingHandlerAdapter  - Looking for @ControllerAdvice: org.springframework.web.context.support.GenericWebApplicationContext@3fd7a715: startup date [Mon Aug 19 19:11:27 CST 2019]; root of context hierarchy
2019-08-19 19:11:29,180 2663   [           main] INFO  n.RequestMappingHandlerAdapter  - Looking for @ControllerAdvice: org.springframework.web.context.support.GenericWebApplicationContext@3fd7a715: startup date [Mon Aug 19 19:11:27 CST 2019]; root of context hierarchy
2019-08-19 19:11:29,512 2995   [           main] INFO  l.AbstractPoolBackedDataSource  - Initializing c3p0 pool... com.mchange.v2.c3p0.ComboPooledDataSource [ acquireIncrement -> 3, acquireRetryAttempts -> 30, acquireRetryDelay -> 1000, autoCommitOnClose -> false, automaticTestTable -> null, breakAfterAcquireFailure -> false, checkoutTimeout -> 0, connectionCustomizerClassName -> null, connectionTesterClassName -> com.mchange.v2.c3p0.impl.DefaultConnectionTester, dataSourceName -> 2rwkrza41b1u1ty1tesfig|78e4deb0, debugUnreturnedConnectionStackTraces -> false, description -> null, driverClass -> com.mysql.jdbc.Driver, factoryClassLocation -> null, forceIgnoreUnresolvedTransactions -> false, identityToken -> 2rwkrza41b1u1ty1tesfig|78e4deb0, idleConnectionTestPeriod -> 0, initialPoolSize -> 3, jdbcUrl -> jdbc:mysql://localhost:3306/fruit, maxAdministrativeTaskTime -> 0, maxConnectionAge -> 0, maxIdleTime -> 0, maxIdleTimeExcessConnections -> 0, maxPoolSize -> 15, maxStatements -> 0, maxStatementsPerConnection -> 0, minPoolSize -> 3, numHelperThreads -> 3, numThreadsAwaitingCheckoutDefaultUser -> 0, preferredTestQuery -> null, properties -> {user=******, password=******}, propertyCycle -> 0, testConnectionOnCheckin -> false, testConnectionOnCheckout -> false, unreturnedConnectionTimeout -> 0, usesTraditionalReflectiveProxies -> false ]
2019-08-19 19:11:30,012 3495   [       Thread-1] INFO  t.GenericWebApplicationContext  - Closing org.springframework.web.context.support.GenericWebApplicationContext@3fd7a715: startup date [Mon Aug 19 19:11:27 CST 2019]; root of context hierarchy
2019-08-19 19:12:32,389 0      [           main] INFO  web.WebTestContextBootstrapper  - Loaded default TestExecutionListener class names from location [META-INF/spring.factories]: [org.springframework.test.context.web.ServletTestExecutionListener, org.springframework.test.context.support.DirtiesContextBeforeModesTestExecutionListener, org.springframework.test.context.support.DependencyInjectionTestExecutionListener, org.springframework.test.context.support.DirtiesContextTestExecutionListener, org.springframework.test.context.transaction.TransactionalTestExecutionListener, org.springframework.test.context.jdbc.SqlScriptsTestExecutionListener]
2019-08-19 19:12:32,412 23     [           main] INFO  web.WebTestContextBootstrapper  - Using TestExecutionListeners: [org.springframework.test.context.web.ServletTestExecutionListener@148080bb, org.springframework.test.context.support.DirtiesContextBeforeModesTestExecutionListener@dc24521, org.springframework.test.context.support.DependencyInjectionTestExecutionListener@10bdf5e5, org.springframework.test.context.support.DirtiesContextTestExecutionListener@6e1ec318, org.springframework.test.context.transaction.TransactionalTestExecutionListener@7e0b0338, org.springframework.test.context.jdbc.SqlScriptsTestExecutionListener@617faa95]
2019-08-19 19:12:32,506 117    [           main] INFO  ry.xml.XmlBeanDefinitionReader  - Loading XML bean definitions from class path resource [applicationContext.xml]
2019-08-19 19:12:32,739 350    [           main] INFO  ry.xml.XmlBeanDefinitionReader  - Loading XML bean definitions from class path resource [springmvc.xml]
2019-08-19 19:12:32,833 444    [           main] INFO  t.GenericWebApplicationContext  - Refreshing org.springframework.web.context.support.GenericWebApplicationContext@3fd7a715: startup date [Mon Aug 19 19:12:32 CST 2019]; root of context hierarchy
2019-08-19 19:12:33,237 848    [           main] INFO         com.mchange.v2.log.MLog  - MLog clients using log4j logging.
2019-08-19 19:12:33,817 1428   [           main] INFO  m.mchange.v2.c3p0.C3P0Registry  - Initializing c3p0-0.9.1.2 [built 21-May-2007 15:04:56; debug? true; trace: 10]
2019-08-19 19:12:34,526 2137   [           main] INFO  andler.SimpleUrlHandlerMapping  - Mapped URL path [/css/**] onto handler 'org.springframework.web.servlet.resource.ResourceHttpRequestHandler#0'
2019-08-19 19:12:34,540 2151   [           main] INFO  andler.SimpleUrlHandlerMapping  - Mapped URL path [/images/**] onto handler 'org.springframework.web.servlet.resource.ResourceHttpRequestHandler#1'
2019-08-19 19:12:34,543 2154   [           main] INFO  andler.SimpleUrlHandlerMapping  - Mapped URL path [/js/**] onto handler 'org.springframework.web.servlet.resource.ResourceHttpRequestHandler#2'
2019-08-19 19:12:34,580 2191   [           main] INFO  n.RequestMappingHandlerMapping  - Mapped "{[/users/findAll]}" onto public java.lang.String com.fruitBake.controller.UsersController.find()
2019-08-19 19:12:34,649 2260   [           main] INFO  n.RequestMappingHandlerAdapter  - Looking for @ControllerAdvice: org.springframework.web.context.support.GenericWebApplicationContext@3fd7a715: startup date [Mon Aug 19 19:12:32 CST 2019]; root of context hierarchy
2019-08-19 19:12:34,692 2303   [           main] INFO  n.RequestMappingHandlerAdapter  - Looking for @ControllerAdvice: org.springframework.web.context.support.GenericWebApplicationContext@3fd7a715: startup date [Mon Aug 19 19:12:32 CST 2019]; root of context hierarchy
2019-08-19 19:12:34,854 2465   [           main] INFO  l.AbstractPoolBackedDataSource  - Initializing c3p0 pool... com.mchange.v2.c3p0.ComboPooledDataSource [ acquireIncrement -> 3, acquireRetryAttempts -> 30, acquireRetryDelay -> 1000, autoCommitOnClose -> false, automaticTestTable -> null, breakAfterAcquireFailure -> false, checkoutTimeout -> 0, connectionCustomizerClassName -> null, connectionTesterClassName -> com.mchange.v2.c3p0.impl.DefaultConnectionTester, dataSourceName -> 2rwkrza41b1vgfquvs2mq|78e4deb0, debugUnreturnedConnectionStackTraces -> false, description -> null, driverClass -> com.mysql.jdbc.Driver, factoryClassLocation -> null, forceIgnoreUnresolvedTransactions -> false, identityToken -> 2rwkrza41b1vgfquvs2mq|78e4deb0, idleConnectionTestPeriod -> 0, initialPoolSize -> 3, jdbcUrl -> jdbc:mysql://localhost:3306/fruit, maxAdministrativeTaskTime -> 0, maxConnectionAge -> 0, maxIdleTime -> 0, maxIdleTimeExcessConnections -> 0, maxPoolSize -> 15, maxStatements -> 0, maxStatementsPerConnection -> 0, minPoolSize -> 3, numHelperThreads -> 3, numThreadsAwaitingCheckoutDefaultUser -> 0, preferredTestQuery -> null, properties -> {user=******, password=******}, propertyCycle -> 0, testConnectionOnCheckin -> false, testConnectionOnCheckout -> false, unreturnedConnectionTimeout -> 0, usesTraditionalReflectiveProxies -> false ]
2019-08-19 19:12:35,091 2702   [       Thread-1] INFO  t.GenericWebApplicationContext  - Closing org.springframework.web.context.support.GenericWebApplicationContext@3fd7a715: startup date [Mon Aug 19 19:12:32 CST 2019]; root of context hierarchy
2019-08-19 19:12:43,420 0      [           main] INFO  web.WebTestContextBootstrapper  - Loaded default TestExecutionListener class names from location [META-INF/spring.factories]: [org.springframework.test.context.web.ServletTestExecutionListener, org.springframework.test.context.support.DirtiesContextBeforeModesTestExecutionListener, org.springframework.test.context.support.DependencyInjectionTestExecutionListener, org.springframework.test.context.support.DirtiesContextTestExecutionListener, org.springframework.test.context.transaction.TransactionalTestExecutionListener, org.springframework.test.context.jdbc.SqlScriptsTestExecutionListener]
2019-08-19 19:12:43,440 20     [           main] INFO  web.WebTestContextBootstrapper  - Using TestExecutionListeners: [org.springframework.test.context.web.ServletTestExecutionListener@148080bb, org.springframework.test.context.support.DirtiesContextBeforeModesTestExecutionListener@dc24521, org.springframework.test.context.support.DependencyInjectionTestExecutionListener@10bdf5e5, org.springframework.test.context.support.DirtiesContextTestExecutionListener@6e1ec318, org.springframework.test.context.transaction.TransactionalTestExecutionListener@7e0b0338, org.springframework.test.context.jdbc.SqlScriptsTestExecutionListener@617faa95]
2019-08-19 19:12:43,529 109    [           main] INFO  ry.xml.XmlBeanDefinitionReader  - Loading XML bean definitions from class path resource [applicationContext.xml]
2019-08-19 19:12:43,773 353    [           main] INFO  ry.xml.XmlBeanDefinitionReader  - Loading XML bean definitions from class path resource [springmvc.xml]
2019-08-19 19:12:43,875 455    [           main] INFO  t.GenericWebApplicationContext  - Refreshing org.springframework.web.context.support.GenericWebApplicationContext@3fd7a715: startup date [Mon Aug 19 19:12:43 CST 2019]; root of context hierarchy
2019-08-19 19:12:44,251 831    [           main] INFO         com.mchange.v2.log.MLog  - MLog clients using log4j logging.
2019-08-19 19:12:44,681 1261   [           main] INFO  m.mchange.v2.c3p0.C3P0Registry  - Initializing c3p0-0.9.1.2 [built 21-May-2007 15:04:56; debug? true; trace: 10]
2019-08-19 19:12:45,331 1911   [           main] INFO  andler.SimpleUrlHandlerMapping  - Mapped URL path [/css/**] onto handler 'org.springframework.web.servlet.resource.ResourceHttpRequestHandler#0'
2019-08-19 19:12:45,344 1924   [           main] INFO  andler.SimpleUrlHandlerMapping  - Mapped URL path [/images/**] onto handler 'org.springframework.web.servlet.resource.ResourceHttpRequestHandler#1'
2019-08-19 19:12:45,348 1928   [           main] INFO  andler.SimpleUrlHandlerMapping  - Mapped URL path [/js/**] onto handler 'org.springframework.web.servlet.resource.ResourceHttpRequestHandler#2'
2019-08-19 19:12:45,378 1958   [           main] INFO  n.RequestMappingHandlerMapping  - Mapped "{[/users/findAll]}" onto public java.lang.String com.fruitBake.controller.UsersController.find()
2019-08-19 19:12:45,454 2034   [           main] INFO  n.RequestMappingHandlerAdapter  - Looking for @ControllerAdvice: org.springframework.web.context.support.GenericWebApplicationContext@3fd7a715: startup date [Mon Aug 19 19:12:43 CST 2019]; root of context hierarchy
2019-08-19 19:12:45,503 2083   [           main] INFO  n.RequestMappingHandlerAdapter  - Looking for @ControllerAdvice: org.springframework.web.context.support.GenericWebApplicationContext@3fd7a715: startup date [Mon Aug 19 19:12:43 CST 2019]; root of context hierarchy
2019-08-19 19:12:45,667 2247   [           main] INFO  l.AbstractPoolBackedDataSource  - Initializing c3p0 pool... com.mchange.v2.c3p0.ComboPooledDataSource [ acquireIncrement -> 3, acquireRetryAttempts -> 30, acquireRetryDelay -> 1000, autoCommitOnClose -> false, automaticTestTable -> null, breakAfterAcquireFailure -> false, checkoutTimeout -> 0, connectionCustomizerClassName -> null, connectionTesterClassName -> com.mchange.v2.c3p0.impl.DefaultConnectionTester, dataSourceName -> 2rwkrza41b1voxp1r0sw0d|78e4deb0, debugUnreturnedConnectionStackTraces -> false, description -> null, driverClass -> com.mysql.jdbc.Driver, factoryClassLocation -> null, forceIgnoreUnresolvedTransactions -> false, identityToken -> 2rwkrza41b1voxp1r0sw0d|78e4deb0, idleConnectionTestPeriod -> 0, initialPoolSize -> 3, jdbcUrl -> jdbc:mysql://localhost:3306/fruit, maxAdministrativeTaskTime -> 0, maxConnectionAge -> 0, maxIdleTime -> 0, maxIdleTimeExcessConnections -> 0, maxPoolSize -> 15, maxStatements -> 0, maxStatementsPerConnection -> 0, minPoolSize -> 3, numHelperThreads -> 3, numThreadsAwaitingCheckoutDefaultUser -> 0, preferredTestQuery -> null, properties -> {user=******, password=******}, propertyCycle -> 0, testConnectionOnCheckin -> false, testConnectionOnCheckout -> false, unreturnedConnectionTimeout -> 0, usesTraditionalReflectiveProxies -> false ]
2019-08-19 19:12:45,901 2481   [       Thread-1] INFO  t.GenericWebApplicationContext  - Closing org.springframework.web.context.support.GenericWebApplicationContext@3fd7a715: startup date [Mon Aug 19 19:12:43 CST 2019]; root of context hierarchy
2019-08-19 21:16:35,528 0      [           main] INFO  web.WebTestContextBootstrapper  - Loaded default TestExecutionListener class names from location [META-INF/spring.factories]: [org.springframework.test.context.web.ServletTestExecutionListener, org.springframework.test.context.support.DirtiesContextBeforeModesTestExecutionListener, org.springframework.test.context.support.DependencyInjectionTestExecutionListener, org.springframework.test.context.support.DirtiesContextTestExecutionListener, org.springframework.test.context.transaction.TransactionalTestExecutionListener, org.springframework.test.context.jdbc.SqlScriptsTestExecutionListener]
2019-08-19 21:16:35,612 84     [           main] INFO  web.WebTestContextBootstrapper  - Using TestExecutionListeners: [org.springframework.test.context.web.ServletTestExecutionListener@148080bb, org.springframework.test.context.support.DirtiesContextBeforeModesTestExecutionListener@dc24521, org.springframework.test.context.support.DependencyInjectionTestExecutionListener@10bdf5e5, org.springframework.test.context.support.DirtiesContextTestExecutionListener@6e1ec318, org.springframework.test.context.transaction.TransactionalTestExecutionListener@7e0b0338, org.springframework.test.context.jdbc.SqlScriptsTestExecutionListener@617faa95]
2019-08-19 21:16:35,816 288    [           main] INFO  ry.xml.XmlBeanDefinitionReader  - Loading XML bean definitions from class path resource [applicationContext.xml]
2019-08-19 21:16:36,330 802    [           main] INFO  ry.xml.XmlBeanDefinitionReader  - Loading XML bean definitions from class path resource [springmvc.xml]
2019-08-19 21:16:36,539 1011   [           main] INFO  t.GenericWebApplicationContext  - Refreshing org.springframework.web.context.support.GenericWebApplicationContext@3fd7a715: startup date [Mon Aug 19 21:16:36 CST 2019]; root of context hierarchy
2019-08-19 21:16:37,258 1730   [           main] INFO         com.mchange.v2.log.MLog  - MLog clients using log4j logging.
2019-08-19 21:16:37,737 2209   [           main] INFO  m.mchange.v2.c3p0.C3P0Registry  - Initializing c3p0-0.9.1.2 [built 21-May-2007 15:04:56; debug? true; trace: 10]
2019-08-19 21:16:38,584 3056   [           main] INFO  andler.SimpleUrlHandlerMapping  - Mapped URL path [/css/**] onto handler 'org.springframework.web.servlet.resource.ResourceHttpRequestHandler#0'
2019-08-19 21:16:38,598 3070   [           main] INFO  andler.SimpleUrlHandlerMapping  - Mapped URL path [/images/**] onto handler 'org.springframework.web.servlet.resource.ResourceHttpRequestHandler#1'
2019-08-19 21:16:38,601 3073   [           main] INFO  andler.SimpleUrlHandlerMapping  - Mapped URL path [/js/**] onto handler 'org.springframework.web.servlet.resource.ResourceHttpRequestHandler#2'
2019-08-19 21:16:38,646 3118   [           main] INFO  n.RequestMappingHandlerMapping  - Mapped "{[/users/findAll]}" onto public java.lang.String com.fruitBake.controller.UsersController.find()
2019-08-19 21:16:38,647 3119   [           main] INFO  n.RequestMappingHandlerMapping  - Mapped "{[/users/login]}" onto public java.lang.String com.fruitBake.controller.UsersController.login()
2019-08-19 21:16:38,758 3230   [           main] INFO  n.RequestMappingHandlerAdapter  - Looking for @ControllerAdvice: org.springframework.web.context.support.GenericWebApplicationContext@3fd7a715: startup date [Mon Aug 19 21:16:36 CST 2019]; root of context hierarchy
2019-08-19 21:16:38,818 3290   [           main] INFO  n.RequestMappingHandlerAdapter  - Looking for @ControllerAdvice: org.springframework.web.context.support.GenericWebApplicationContext@3fd7a715: startup date [Mon Aug 19 21:16:36 CST 2019]; root of context hierarchy
2019-08-19 21:16:39,113 3585   [           main] INFO  l.AbstractPoolBackedDataSource  - Initializing c3p0 pool... com.mchange.v2.c3p0.ComboPooledDataSource [ acquireIncrement -> 3, acquireRetryAttempts -> 30, acquireRetryDelay -> 1000, autoCommitOnClose -> false, automaticTestTable -> null, breakAfterAcquireFailure -> false, checkoutTimeout -> 0, connectionCustomizerClassName -> null, connectionTesterClassName -> com.mchange.v2.c3p0.impl.DefaultConnectionTester, dataSourceName -> 2rwkrza41b6b0a5iwxe5v|7d0b7e3c, debugUnreturnedConnectionStackTraces -> false, description -> null, driverClass -> com.mysql.jdbc.Driver, factoryClassLocation -> null, forceIgnoreUnresolvedTransactions -> false, identityToken -> 2rwkrza41b6b0a5iwxe5v|7d0b7e3c, idleConnectionTestPeriod -> 0, initialPoolSize -> 3, jdbcUrl -> jdbc:mysql://localhost:3306/fruit, maxAdministrativeTaskTime -> 0, maxConnectionAge -> 0, maxIdleTime -> 0, maxIdleTimeExcessConnections -> 0, maxPoolSize -> 15, maxStatements -> 0, maxStatementsPerConnection -> 0, minPoolSize -> 3, numHelperThreads -> 3, numThreadsAwaitingCheckoutDefaultUser -> 0, preferredTestQuery -> null, properties -> {user=******, password=******}, propertyCycle -> 0, testConnectionOnCheckin -> false, testConnectionOnCheckout -> false, unreturnedConnectionTimeout -> 0, usesTraditionalReflectiveProxies -> false ]
2019-08-19 21:16:40,093 4565   [       Thread-1] INFO  t.GenericWebApplicationContext  - Closing org.springframework.web.context.support.GenericWebApplicationContext@3fd7a715: startup date [Mon Aug 19 21:16:36 CST 2019]; root of context hierarchy
2019-08-19 21:18:37,932 0      [           main] INFO  web.WebTestContextBootstrapper  - Loaded default TestExecutionListener class names from location [META-INF/spring.factories]: [org.springframework.test.context.web.ServletTestExecutionListener, org.springframework.test.context.support.DirtiesContextBeforeModesTestExecutionListener, org.springframework.test.context.support.DependencyInjectionTestExecutionListener, org.springframework.test.context.support.DirtiesContextTestExecutionListener, org.springframework.test.context.transaction.TransactionalTestExecutionListener, org.springframework.test.context.jdbc.SqlScriptsTestExecutionListener]
2019-08-19 21:18:37,956 24     [           main] INFO  web.WebTestContextBootstrapper  - Using TestExecutionListeners: [org.springframework.test.context.web.ServletTestExecutionListener@148080bb, org.springframework.test.context.support.DirtiesContextBeforeModesTestExecutionListener@dc24521, org.springframework.test.context.support.DependencyInjectionTestExecutionListener@10bdf5e5, org.springframework.test.context.support.DirtiesContextTestExecutionListener@6e1ec318, org.springframework.test.context.transaction.TransactionalTestExecutionListener@7e0b0338, org.springframework.test.context.jdbc.SqlScriptsTestExecutionListener@617faa95]
2019-08-19 21:18:38,034 102    [           main] INFO  ry.xml.XmlBeanDefinitionReader  - Loading XML bean definitions from class path resource [applicationContext.xml]
2019-08-19 21:18:38,262 330    [           main] INFO  ry.xml.XmlBeanDefinitionReader  - Loading XML bean definitions from class path resource [springmvc.xml]
2019-08-19 21:18:38,363 431    [           main] INFO  t.GenericWebApplicationContext  - Refreshing org.springframework.web.context.support.GenericWebApplicationContext@3fd7a715: startup date [Mon Aug 19 21:18:38 CST 2019]; root of context hierarchy
2019-08-19 21:18:38,746 814    [           main] INFO         com.mchange.v2.log.MLog  - MLog clients using log4j logging.
2019-08-19 21:18:39,194 1262   [           main] INFO  m.mchange.v2.c3p0.C3P0Registry  - Initializing c3p0-0.9.1.2 [built 21-May-2007 15:04:56; debug? true; trace: 10]
2019-08-19 21:18:39,802 1870   [           main] INFO  andler.SimpleUrlHandlerMapping  - Mapped URL path [/css/**] onto handler 'org.springframework.web.servlet.resource.ResourceHttpRequestHandler#0'
2019-08-19 21:18:39,819 1887   [           main] INFO  andler.SimpleUrlHandlerMapping  - Mapped URL path [/images/**] onto handler 'org.springframework.web.servlet.resource.ResourceHttpRequestHandler#1'
2019-08-19 21:18:39,822 1890   [           main] INFO  andler.SimpleUrlHandlerMapping  - Mapped URL path [/js/**] onto handler 'org.springframework.web.servlet.resource.ResourceHttpRequestHandler#2'
2019-08-19 21:18:39,855 1923   [           main] INFO  n.RequestMappingHandlerMapping  - Mapped "{[/users/findAll]}" onto public java.lang.String com.fruitBake.controller.UsersController.find()
2019-08-19 21:18:39,856 1924   [           main] INFO  n.RequestMappingHandlerMapping  - Mapped "{[/users/login]}" onto public java.lang.String com.fruitBake.controller.UsersController.login()
2019-08-19 21:18:39,935 2003   [           main] INFO  n.RequestMappingHandlerAdapter  - Looking for @ControllerAdvice: org.springframework.web.context.support.GenericWebApplicationContext@3fd7a715: startup date [Mon Aug 19 21:18:38 CST 2019]; root of context hierarchy
2019-08-19 21:18:39,979 2047   [           main] INFO  n.RequestMappingHandlerAdapter  - Looking for @ControllerAdvice: org.springframework.web.context.support.GenericWebApplicationContext@3fd7a715: startup date [Mon Aug 19 21:18:38 CST 2019]; root of context hierarchy
2019-08-19 21:18:40,129 2197   [           main] INFO  l.AbstractPoolBackedDataSource  - Initializing c3p0 pool... com.mchange.v2.c3p0.ComboPooledDataSource [ acquireIncrement -> 3, acquireRetryAttempts -> 30, acquireRetryDelay -> 1000, autoCommitOnClose -> false, automaticTestTable -> null, breakAfterAcquireFailure -> false, checkoutTimeout -> 0, connectionCustomizerClassName -> null, connectionTesterClassName -> com.mchange.v2.c3p0.impl.DefaultConnectionTester, dataSourceName -> 2rwkrza41b6dm0n16iopcr|15bb5034, debugUnreturnedConnectionStackTraces -> false, description -> null, driverClass -> com.mysql.jdbc.Driver, factoryClassLocation -> null, forceIgnoreUnresolvedTransactions -> false, identityToken -> 2rwkrza41b6dm0n16iopcr|15bb5034, idleConnectionTestPeriod -> 0, initialPoolSize -> 3, jdbcUrl -> jdbc:mysql://localhost:3306/fruit, maxAdministrativeTaskTime -> 0, maxConnectionAge -> 0, maxIdleTime -> 0, maxIdleTimeExcessConnections -> 0, maxPoolSize -> 15, maxStatements -> 0, maxStatementsPerConnection -> 0, minPoolSize -> 3, numHelperThreads -> 3, numThreadsAwaitingCheckoutDefaultUser -> 0, preferredTestQuery -> null, properties -> {user=******, password=******}, propertyCycle -> 0, testConnectionOnCheckin -> false, testConnectionOnCheckout -> false, unreturnedConnectionTimeout -> 0, usesTraditionalReflectiveProxies -> false ]
2019-08-19 21:18:40,478 2546   [       Thread-1] INFO  t.GenericWebApplicationContext  - Closing org.springframework.web.context.support.GenericWebApplicationContext@3fd7a715: startup date [Mon Aug 19 21:18:38 CST 2019]; root of context hierarchy
2019-08-19 21:20:56,641 0      [           main] INFO  web.WebTestContextBootstrapper  - Loaded default TestExecutionListener class names from location [META-INF/spring.factories]: [org.springframework.test.context.web.ServletTestExecutionListener, org.springframework.test.context.support.DirtiesContextBeforeModesTestExecutionListener, org.springframework.test.context.support.DependencyInjectionTestExecutionListener, org.springframework.test.context.support.DirtiesContextTestExecutionListener, org.springframework.test.context.transaction.TransactionalTestExecutionListener, org.springframework.test.context.jdbc.SqlScriptsTestExecutionListener]
2019-08-19 21:20:56,666 25     [           main] INFO  web.WebTestContextBootstrapper  - Using TestExecutionListeners: [org.springframework.test.context.web.ServletTestExecutionListener@148080bb, org.springframework.test.context.support.DirtiesContextBeforeModesTestExecutionListener@dc24521, org.springframework.test.context.support.DependencyInjectionTestExecutionListener@10bdf5e5, org.springframework.test.context.support.DirtiesContextTestExecutionListener@6e1ec318, org.springframework.test.context.transaction.TransactionalTestExecutionListener@7e0b0338, org.springframework.test.context.jdbc.SqlScriptsTestExecutionListener@617faa95]
2019-08-19 21:20:56,744 103    [           main] INFO  ry.xml.XmlBeanDefinitionReader  - Loading XML bean definitions from class path resource [applicationContext.xml]
2019-08-19 21:20:57,009 368    [           main] INFO  ry.xml.XmlBeanDefinitionReader  - Loading XML bean definitions from class path resource [springmvc.xml]
2019-08-19 21:20:57,150 509    [           main] INFO  t.GenericWebApplicationContext  - Refreshing org.springframework.web.context.support.GenericWebApplicationContext@3fd7a715: startup date [Mon Aug 19 21:20:57 CST 2019]; root of context hierarchy
2019-08-19 21:20:57,626 985    [           main] INFO         com.mchange.v2.log.MLog  - MLog clients using log4j logging.
2019-08-19 21:20:58,158 1517   [           main] INFO  m.mchange.v2.c3p0.C3P0Registry  - Initializing c3p0-0.9.1.2 [built 21-May-2007 15:04:56; debug? true; trace: 10]
2019-08-19 21:20:58,918 2277   [           main] INFO  andler.SimpleUrlHandlerMapping  - Mapped URL path [/css/**] onto handler 'org.springframework.web.servlet.resource.ResourceHttpRequestHandler#0'
2019-08-19 21:20:58,936 2295   [           main] INFO  andler.SimpleUrlHandlerMapping  - Mapped URL path [/images/**] onto handler 'org.springframework.web.servlet.resource.ResourceHttpRequestHandler#1'
2019-08-19 21:20:58,939 2298   [           main] INFO  andler.SimpleUrlHandlerMapping  - Mapped URL path [/js/**] onto handler 'org.springframework.web.servlet.resource.ResourceHttpRequestHandler#2'
2019-08-19 21:20:58,976 2335   [           main] INFO  n.RequestMappingHandlerMapping  - Mapped "{[/users/findAll]}" onto public java.lang.String com.fruitBake.controller.UsersController.find()
2019-08-19 21:20:58,977 2336   [           main] INFO  n.RequestMappingHandlerMapping  - Mapped "{[/users/login]}" onto public java.lang.String com.fruitBake.controller.UsersController.login()
2019-08-19 21:20:59,046 2405   [           main] INFO  n.RequestMappingHandlerAdapter  - Looking for @ControllerAdvice: org.springframework.web.context.support.GenericWebApplicationContext@3fd7a715: startup date [Mon Aug 19 21:20:57 CST 2019]; root of context hierarchy
2019-08-19 21:20:59,089 2448   [           main] INFO  n.RequestMappingHandlerAdapter  - Looking for @ControllerAdvice: org.springframework.web.context.support.GenericWebApplicationContext@3fd7a715: startup date [Mon Aug 19 21:20:57 CST 2019]; root of context hierarchy
2019-08-19 21:20:59,252 2611   [           main] INFO  l.AbstractPoolBackedDataSource  - Initializing c3p0 pool... com.mchange.v2.c3p0.ComboPooledDataSource [ acquireIncrement -> 3, acquireRetryAttempts -> 30, acquireRetryDelay -> 1000, autoCommitOnClose -> false, automaticTestTable -> null, breakAfterAcquireFailure -> false, checkoutTimeout -> 0, connectionCustomizerClassName -> null, connectionTesterClassName -> com.mchange.v2.c3p0.impl.DefaultConnectionTester, dataSourceName -> 2rwkrza41b6gl7n1qn4dm1|470734c3, debugUnreturnedConnectionStackTraces -> false, description -> null, driverClass -> com.mysql.jdbc.Driver, factoryClassLocation -> null, forceIgnoreUnresolvedTransactions -> false, identityToken -> 2rwkrza41b6gl7n1qn4dm1|470734c3, idleConnectionTestPeriod -> 0, initialPoolSize -> 3, jdbcUrl -> jdbc:mysql://localhost:3306/fruit, maxAdministrativeTaskTime -> 0, maxConnectionAge -> 0, maxIdleTime -> 0, maxIdleTimeExcessConnections -> 0, maxPoolSize -> 15, maxStatements -> 0, maxStatementsPerConnection -> 0, minPoolSize -> 3, numHelperThreads -> 3, numThreadsAwaitingCheckoutDefaultUser -> 0, preferredTestQuery -> null, properties -> {user=******, password=******}, propertyCycle -> 0, testConnectionOnCheckin -> false, testConnectionOnCheckout -> false, unreturnedConnectionTimeout -> 0, usesTraditionalReflectiveProxies -> false ]
2019-08-19 21:20:59,501 2860   [       Thread-1] INFO  t.GenericWebApplicationContext  - Closing org.springframework.web.context.support.GenericWebApplicationContext@3fd7a715: startup date [Mon Aug 19 21:20:57 CST 2019]; root of context hierarchy
2019-08-19 21:25:30,302 0      [           main] INFO  web.WebTestContextBootstrapper  - Loaded default TestExecutionListener class names from location [META-INF/spring.factories]: [org.springframework.test.context.web.ServletTestExecutionListener, org.springframework.test.context.support.DirtiesContextBeforeModesTestExecutionListener, org.springframework.test.context.support.DependencyInjectionTestExecutionListener, org.springframework.test.context.support.DirtiesContextTestExecutionListener, org.springframework.test.context.transaction.TransactionalTestExecutionListener, org.springframework.test.context.jdbc.SqlScriptsTestExecutionListener]
2019-08-19 21:25:30,323 21     [           main] INFO  web.WebTestContextBootstrapper  - Using TestExecutionListeners: [org.springframework.test.context.web.ServletTestExecutionListener@148080bb, org.springframework.test.context.support.DirtiesContextBeforeModesTestExecutionListener@dc24521, org.springframework.test.context.support.DependencyInjectionTestExecutionListener@10bdf5e5, org.springframework.test.context.support.DirtiesContextTestExecutionListener@6e1ec318, org.springframework.test.context.transaction.TransactionalTestExecutionListener@7e0b0338, org.springframework.test.context.jdbc.SqlScriptsTestExecutionListener@617faa95]
2019-08-19 21:25:30,402 100    [           main] INFO  ry.xml.XmlBeanDefinitionReader  - Loading XML bean definitions from class path resource [applicationContext.xml]
2019-08-19 21:25:30,645 343    [           main] INFO  ry.xml.XmlBeanDefinitionReader  - Loading XML bean definitions from class path resource [springmvc.xml]
2019-08-19 21:25:30,743 441    [           main] INFO  t.GenericWebApplicationContext  - Refreshing org.springframework.web.context.support.GenericWebApplicationContext@3fd7a715: startup date [Mon Aug 19 21:25:30 CST 2019]; root of context hierarchy
2019-08-19 21:25:31,184 882    [           main] INFO         com.mchange.v2.log.MLog  - MLog clients using log4j logging.
2019-08-19 21:25:31,622 1320   [           main] INFO  m.mchange.v2.c3p0.C3P0Registry  - Initializing c3p0-0.9.1.2 [built 21-May-2007 15:04:56; debug? true; trace: 10]
2019-08-19 21:25:32,330 2028   [           main] INFO  andler.SimpleUrlHandlerMapping  - Mapped URL path [/css/**] onto handler 'org.springframework.web.servlet.resource.ResourceHttpRequestHandler#0'
2019-08-19 21:25:32,344 2042   [           main] INFO  andler.SimpleUrlHandlerMapping  - Mapped URL path [/images/**] onto handler 'org.springframework.web.servlet.resource.ResourceHttpRequestHandler#1'
2019-08-19 21:25:32,348 2046   [           main] INFO  andler.SimpleUrlHandlerMapping  - Mapped URL path [/js/**] onto handler 'org.springframework.web.servlet.resource.ResourceHttpRequestHandler#2'
2019-08-19 21:25:32,385 2083   [           main] INFO  n.RequestMappingHandlerMapping  - Mapped "{[/users/findAll]}" onto public java.lang.String com.fruitBake.controller.UsersController.find()
2019-08-19 21:25:32,386 2084   [           main] INFO  n.RequestMappingHandlerMapping  - Mapped "{[/users/login]}" onto public java.lang.String com.fruitBake.controller.UsersController.login()
2019-08-19 21:25:32,464 2162   [           main] INFO  n.RequestMappingHandlerAdapter  - Looking for @ControllerAdvice: org.springframework.web.context.support.GenericWebApplicationContext@3fd7a715: startup date [Mon Aug 19 21:25:30 CST 2019]; root of context hierarchy
2019-08-19 21:25:32,513 2211   [           main] INFO  n.RequestMappingHandlerAdapter  - Looking for @ControllerAdvice: org.springframework.web.context.support.GenericWebApplicationContext@3fd7a715: startup date [Mon Aug 19 21:25:30 CST 2019]; root of context hierarchy
2019-08-19 21:25:32,686 2384   [           main] INFO  l.AbstractPoolBackedDataSource  - Initializing c3p0 pool... com.mchange.v2.c3p0.ComboPooledDataSource [ acquireIncrement -> 3, acquireRetryAttempts -> 30, acquireRetryDelay -> 1000, autoCommitOnClose -> false, automaticTestTable -> null, breakAfterAcquireFailure -> false, checkoutTimeout -> 0, connectionCustomizerClassName -> null, connectionTesterClassName -> com.mchange.v2.c3p0.impl.DefaultConnectionTester, dataSourceName -> 2rwkrza41b6mg98fm8kqg|69e153c5, debugUnreturnedConnectionStackTraces -> false, description -> null, driverClass -> com.mysql.jdbc.Driver, factoryClassLocation -> null, forceIgnoreUnresolvedTransactions -> false, identityToken -> 2rwkrza41b6mg98fm8kqg|69e153c5, idleConnectionTestPeriod -> 0, initialPoolSize -> 3, jdbcUrl -> jdbc:mysql://localhost:3306/fruit, maxAdministrativeTaskTime -> 0, maxConnectionAge -> 0, maxIdleTime -> 0, maxIdleTimeExcessConnections -> 0, maxPoolSize -> 15, maxStatements -> 0, maxStatementsPerConnection -> 0, minPoolSize -> 3, numHelperThreads -> 3, numThreadsAwaitingCheckoutDefaultUser -> 0, preferredTestQuery -> null, properties -> {user=******, password=******}, propertyCycle -> 0, testConnectionOnCheckin -> false, testConnectionOnCheckout -> false, unreturnedConnectionTimeout -> 0, usesTraditionalReflectiveProxies -> false ]
2019-08-19 21:25:32,912 2610   [       Thread-1] INFO  t.GenericWebApplicationContext  - Closing org.springframework.web.context.support.GenericWebApplicationContext@3fd7a715: startup date [Mon Aug 19 21:25:30 CST 2019]; root of context hierarchy
2019-08-19 21:26:52,538 0      [           main] INFO  web.WebTestContextBootstrapper  - Loaded default TestExecutionListener class names from location [META-INF/spring.factories]: [org.springframework.test.context.web.ServletTestExecutionListener, org.springframework.test.context.support.DirtiesContextBeforeModesTestExecutionListener, org.springframework.test.context.support.DependencyInjectionTestExecutionListener, org.springframework.test.context.support.DirtiesContextTestExecutionListener, org.springframework.test.context.transaction.TransactionalTestExecutionListener, org.springframework.test.context.jdbc.SqlScriptsTestExecutionListener]
2019-08-19 21:26:52,568 30     [           main] INFO  web.WebTestContextBootstrapper  - Using TestExecutionListeners: [org.springframework.test.context.web.ServletTestExecutionListener@148080bb, org.springframework.test.context.support.DirtiesContextBeforeModesTestExecutionListener@dc24521, org.springframework.test.context.support.DependencyInjectionTestExecutionListener@10bdf5e5, org.springframework.test.context.support.DirtiesContextTestExecutionListener@6e1ec318, org.springframework.test.context.transaction.TransactionalTestExecutionListener@7e0b0338, org.springframework.test.context.jdbc.SqlScriptsTestExecutionListener@617faa95]
2019-08-19 21:26:52,648 110    [           main] INFO  ry.xml.XmlBeanDefinitionReader  - Loading XML bean definitions from class path resource [applicationContext.xml]
2019-08-19 21:26:52,889 351    [           main] INFO  ry.xml.XmlBeanDefinitionReader  - Loading XML bean definitions from class path resource [springmvc.xml]
2019-08-19 21:26:53,103 565    [           main] INFO  t.GenericWebApplicationContext  - Refreshing org.springframework.web.context.support.GenericWebApplicationContext@3fd7a715: startup date [Mon Aug 19 21:26:53 CST 2019]; root of context hierarchy
2019-08-19 21:26:53,500 962    [           main] INFO         com.mchange.v2.log.MLog  - MLog clients using log4j logging.
2019-08-19 21:26:53,970 1432   [           main] INFO  m.mchange.v2.c3p0.C3P0Registry  - Initializing c3p0-0.9.1.2 [built 21-May-2007 15:04:56; debug? true; trace: 10]
2019-08-19 21:26:54,930 2392   [           main] INFO  andler.SimpleUrlHandlerMapping  - Mapped URL path [/css/**] onto handler 'org.springframework.web.servlet.resource.ResourceHttpRequestHandler#0'
2019-08-19 21:26:54,945 2407   [           main] INFO  andler.SimpleUrlHandlerMapping  - Mapped URL path [/images/**] onto handler 'org.springframework.web.servlet.resource.ResourceHttpRequestHandler#1'
2019-08-19 21:26:54,948 2410   [           main] INFO  andler.SimpleUrlHandlerMapping  - Mapped URL path [/js/**] onto handler 'org.springframework.web.servlet.resource.ResourceHttpRequestHandler#2'
2019-08-19 21:26:54,984 2446   [           main] INFO  n.RequestMappingHandlerMapping  - Mapped "{[/users/findAll]}" onto public java.lang.String com.fruitBake.controller.UsersController.find()
2019-08-19 21:26:54,984 2446   [           main] INFO  n.RequestMappingHandlerMapping  - Mapped "{[/users/login]}" onto public java.lang.String com.fruitBake.controller.UsersController.login()
2019-08-19 21:26:55,046 2508   [           main] INFO  n.RequestMappingHandlerAdapter  - Looking for @ControllerAdvice: org.springframework.web.context.support.GenericWebApplicationContext@3fd7a715: startup date [Mon Aug 19 21:26:53 CST 2019]; root of context hierarchy
2019-08-19 21:26:55,098 2560   [           main] INFO  n.RequestMappingHandlerAdapter  - Looking for @ControllerAdvice: org.springframework.web.context.support.GenericWebApplicationContext@3fd7a715: startup date [Mon Aug 19 21:26:53 CST 2019]; root of context hierarchy
2019-08-19 21:26:55,298 2760   [           main] INFO  l.AbstractPoolBackedDataSource  - Initializing c3p0 pool... com.mchange.v2.c3p0.ComboPooledDataSource [ acquireIncrement -> 3, acquireRetryAttempts -> 30, acquireRetryDelay -> 1000, autoCommitOnClose -> false, automaticTestTable -> null, breakAfterAcquireFailure -> false, checkoutTimeout -> 0, connectionCustomizerClassName -> null, connectionTesterClassName -> com.mchange.v2.c3p0.impl.DefaultConnectionTester, dataSourceName -> 2rwkrza41b6o7rx17rsxoi|69e153c5, debugUnreturnedConnectionStackTraces -> false, description -> null, driverClass -> com.mysql.jdbc.Driver, factoryClassLocation -> null, forceIgnoreUnresolvedTransactions -> false, identityToken -> 2rwkrza41b6o7rx17rsxoi|69e153c5, idleConnectionTestPeriod -> 0, initialPoolSize -> 3, jdbcUrl -> jdbc:mysql://localhost:3306/fruit, maxAdministrativeTaskTime -> 0, maxConnectionAge -> 0, maxIdleTime -> 0, maxIdleTimeExcessConnections -> 0, maxPoolSize -> 15, maxStatements -> 0, maxStatementsPerConnection -> 0, minPoolSize -> 3, numHelperThreads -> 3, numThreadsAwaitingCheckoutDefaultUser -> 0, preferredTestQuery -> null, properties -> {user=******, password=******}, propertyCycle -> 0, testConnectionOnCheckin -> false, testConnectionOnCheckout -> false, unreturnedConnectionTimeout -> 0, usesTraditionalReflectiveProxies -> false ]
2019-08-19 21:26:55,570 3032   [       Thread-1] INFO  t.GenericWebApplicationContext  - Closing org.springframework.web.context.support.GenericWebApplicationContext@3fd7a715: startup date [Mon Aug 19 21:26:53 CST 2019]; root of context hierarchy
2019-08-19 21:28:20,129 0      [           main] INFO  web.WebTestContextBootstrapper  - Loaded default TestExecutionListener class names from location [META-INF/spring.factories]: [org.springframework.test.context.web.ServletTestExecutionListener, org.springframework.test.context.support.DirtiesContextBeforeModesTestExecutionListener, org.springframework.test.context.support.DependencyInjectionTestExecutionListener, org.springframework.test.context.support.DirtiesContextTestExecutionListener, org.springframework.test.context.transaction.TransactionalTestExecutionListener, org.springframework.test.context.jdbc.SqlScriptsTestExecutionListener]
2019-08-19 21:28:20,167 38     [           main] INFO  web.WebTestContextBootstrapper  - Using TestExecutionListeners: [org.springframework.test.context.web.ServletTestExecutionListener@148080bb, org.springframework.test.context.support.DirtiesContextBeforeModesTestExecutionListener@dc24521, org.springframework.test.context.support.DependencyInjectionTestExecutionListener@10bdf5e5, org.springframework.test.context.support.DirtiesContextTestExecutionListener@6e1ec318, org.springframework.test.context.transaction.TransactionalTestExecutionListener@7e0b0338, org.springframework.test.context.jdbc.SqlScriptsTestExecutionListener@617faa95]
2019-08-19 21:28:20,257 128    [           main] INFO  ry.xml.XmlBeanDefinitionReader  - Loading XML bean definitions from class path resource [applicationContext.xml]
2019-08-19 21:28:20,548 419    [           main] INFO  ry.xml.XmlBeanDefinitionReader  - Loading XML bean definitions from class path resource [springmvc.xml]
2019-08-19 21:28:20,663 534    [           main] INFO  t.GenericWebApplicationContext  - Refreshing org.springframework.web.context.support.GenericWebApplicationContext@3fd7a715: startup date [Mon Aug 19 21:28:20 CST 2019]; root of context hierarchy
2019-08-19 21:28:21,010 881    [           main] INFO         com.mchange.v2.log.MLog  - MLog clients using log4j logging.
2019-08-19 21:28:21,383 1254   [           main] INFO  m.mchange.v2.c3p0.C3P0Registry  - Initializing c3p0-0.9.1.2 [built 21-May-2007 15:04:56; debug? true; trace: 10]
2019-08-19 21:28:21,978 1849   [           main] INFO  andler.SimpleUrlHandlerMapping  - Mapped URL path [/css/**] onto handler 'org.springframework.web.servlet.resource.ResourceHttpRequestHandler#0'
2019-08-19 21:28:21,993 1864   [           main] INFO  andler.SimpleUrlHandlerMapping  - Mapped URL path [/images/**] onto handler 'org.springframework.web.servlet.resource.ResourceHttpRequestHandler#1'
2019-08-19 21:28:21,997 1868   [           main] INFO  andler.SimpleUrlHandlerMapping  - Mapped URL path [/js/**] onto handler 'org.springframework.web.servlet.resource.ResourceHttpRequestHandler#2'
2019-08-19 21:28:22,030 1901   [           main] INFO  n.RequestMappingHandlerMapping  - Mapped "{[/users/findAll]}" onto public java.lang.String com.fruitBake.controller.UsersController.find()
2019-08-19 21:28:22,031 1902   [           main] INFO  n.RequestMappingHandlerMapping  - Mapped "{[/users/login]}" onto public java.lang.String com.fruitBake.controller.UsersController.login()
2019-08-19 21:28:22,117 1988   [           main] INFO  n.RequestMappingHandlerAdapter  - Looking for @ControllerAdvice: org.springframework.web.context.support.GenericWebApplicationContext@3fd7a715: startup date [Mon Aug 19 21:28:20 CST 2019]; root of context hierarchy
2019-08-19 21:28:22,164 2035   [           main] INFO  n.RequestMappingHandlerAdapter  - Looking for @ControllerAdvice: org.springframework.web.context.support.GenericWebApplicationContext@3fd7a715: startup date [Mon Aug 19 21:28:20 CST 2019]; root of context hierarchy
2019-08-19 21:28:22,330 2201   [           main] INFO  l.AbstractPoolBackedDataSource  - Initializing c3p0 pool... com.mchange.v2.c3p0.ComboPooledDataSource [ acquireIncrement -> 3, acquireRetryAttempts -> 30, acquireRetryDelay -> 1000, autoCommitOnClose -> false, automaticTestTable -> null, breakAfterAcquireFailure -> false, checkoutTimeout -> 0, connectionCustomizerClassName -> null, connectionTesterClassName -> com.mchange.v2.c3p0.impl.DefaultConnectionTester, dataSourceName -> 2rwkrza41b6q3ap1lyrk84|69e153c5, debugUnreturnedConnectionStackTraces -> false, description -> null, driverClass -> com.mysql.jdbc.Driver, factoryClassLocation -> null, forceIgnoreUnresolvedTransactions -> false, identityToken -> 2rwkrza41b6q3ap1lyrk84|69e153c5, idleConnectionTestPeriod -> 0, initialPoolSize -> 3, jdbcUrl -> jdbc:mysql://localhost:3306/fruit, maxAdministrativeTaskTime -> 0, maxConnectionAge -> 0, maxIdleTime -> 0, maxIdleTimeExcessConnections -> 0, maxPoolSize -> 15, maxStatements -> 0, maxStatementsPerConnection -> 0, minPoolSize -> 3, numHelperThreads -> 3, numThreadsAwaitingCheckoutDefaultUser -> 0, preferredTestQuery -> null, properties -> {user=******, password=******}, propertyCycle -> 0, testConnectionOnCheckin -> false, testConnectionOnCheckout -> false, unreturnedConnectionTimeout -> 0, usesTraditionalReflectiveProxies -> false ]
2019-08-19 21:28:22,587 2458   [       Thread-1] INFO  t.GenericWebApplicationContext  - Closing org.springframework.web.context.support.GenericWebApplicationContext@3fd7a715: startup date [Mon Aug 19 21:28:20 CST 2019]; root of context hierarchy
